[debug] [2023-04-17T22:30:30.372Z] ----------------------------------------------------------------------
[debug] [2023-04-17T22:30:30.374Z] Command:       C:\Program Files\nodejs\node.exe C:\Users\User\AppData\Roaming\npm\node_modules\firebase-tools\lib\bin\firebase.js deploy
[debug] [2023-04-17T22:30:30.375Z] CLI Version:   11.27.0
[debug] [2023-04-17T22:30:30.375Z] Platform:      win32
[debug] [2023-04-17T22:30:30.375Z] Node Version:  v18.16.0
[debug] [2023-04-17T22:30:30.376Z] Time:          Tue Apr 18 2023 04:30:30 GMT+0600 (Bangladesh Standard Time)
[debug] [2023-04-17T22:30:30.376Z] ----------------------------------------------------------------------
[debug] 
[debug] [2023-04-17T22:30:30.380Z] >>> [apiv2][query] GET https://firebase-public.firebaseio.com/cli.json [none]
[debug] [2023-04-17T22:30:30.463Z] > command requires scopes: ["email","openid","https://www.googleapis.com/auth/cloudplatformprojects.readonly","https://www.googleapis.com/auth/firebase","https://www.googleapis.com/auth/cloud-platform"]
[debug] [2023-04-17T22:30:30.463Z] > authorizing via signed-in user (himelhasandev@gmail.com)
[debug] [2023-04-17T22:30:30.463Z] [iam] checking project alumni-management-42856 for permissions ["firebase.projects.get","firebasehosting.sites.update"]
[debug] [2023-04-17T22:30:30.464Z] > refreshing access token with scopes: []
[debug] [2023-04-17T22:30:30.465Z] >>> [apiv2][query] POST https://www.googleapis.com/oauth2/v3/token [none]
[debug] [2023-04-17T22:30:30.465Z] >>> [apiv2][body] POST https://www.googleapis.com/oauth2/v3/token [omitted]
[debug] [2023-04-17T22:30:30.665Z] <<< [apiv2][status] POST https://www.googleapis.com/oauth2/v3/token 200
[debug] [2023-04-17T22:30:30.665Z] <<< [apiv2][body] POST https://www.googleapis.com/oauth2/v3/token [omitted]
[debug] [2023-04-17T22:30:30.672Z] >>> [apiv2][query] POST https://cloudresourcemanager.googleapis.com/v1/projects/alumni-management-42856:testIamPermissions [none]
[debug] [2023-04-17T22:30:30.672Z] >>> [apiv2][(partial)header] POST https://cloudresourcemanager.googleapis.com/v1/projects/alumni-management-42856:testIamPermissions x-goog-quota-user=projects/alumni-management-42856
[debug] [2023-04-17T22:30:30.672Z] >>> [apiv2][body] POST https://cloudresourcemanager.googleapis.com/v1/projects/alumni-management-42856:testIamPermissions {"permissions":["firebase.projects.get","firebasehosting.sites.update"]}
[debug] [2023-04-17T22:30:31.196Z] <<< [apiv2][status] GET https://firebase-public.firebaseio.com/cli.json 200
[debug] [2023-04-17T22:30:31.197Z] <<< [apiv2][body] GET https://firebase-public.firebaseio.com/cli.json {"cloudBuildErrorAfter":1594252800000,"cloudBuildWarnAfter":1590019200000,"defaultNode10After":1594252800000,"minVersion":"3.0.5","node8DeploysDisabledAfter":1613390400000,"node8RuntimeDisabledAfter":1615809600000,"node8WarnAfter":1600128000000}
[debug] [2023-04-17T22:30:31.932Z] <<< [apiv2][status] POST https://cloudresourcemanager.googleapis.com/v1/projects/alumni-management-42856:testIamPermissions 200
[debug] [2023-04-17T22:30:31.932Z] <<< [apiv2][body] POST https://cloudresourcemanager.googleapis.com/v1/projects/alumni-management-42856:testIamPermissions {}
[debug] [2023-04-17T22:30:31.932Z] [iam] error while checking permissions, command may fail: FirebaseError: Authorization failed. This account is missing the following required permissions on project alumni-management-42856:

  firebase.projects.get
  firebasehosting.sites.update
[debug] [2023-04-17T22:30:31.933Z] >>> [apiv2][query] GET https://firebase.googleapis.com/v1beta1/projects/alumni-management-42856 [none]
[debug] [2023-04-17T22:30:32.589Z] <<< [apiv2][status] GET https://firebase.googleapis.com/v1beta1/projects/alumni-management-42856 403
[debug] [2023-04-17T22:30:32.589Z] <<< [apiv2][body] GET https://firebase.googleapis.com/v1beta1/projects/alumni-management-42856 {"error":{"code":403,"message":"The caller does not have permission","status":"PERMISSION_DENIED"}}
[debug] [2023-04-17T22:30:32.590Z] HTTP Error: 403, The caller does not have permission
[debug] [2023-04-17T22:30:32.757Z] FirebaseError: HTTP Error: 403, The caller does not have permission
    at responseToError (C:\Users\User\AppData\Roaming\npm\node_modules\firebase-tools\lib\responseToError.js:49:12)
    at RetryOperation._fn (C:\Users\User\AppData\Roaming\npm\node_modules\firebase-tools\lib\apiv2.js:288:77)
    at process.processTicksAndRejections (node:internal/process/task_queues:95:5)
[error] 
[error] Error: Failed to get Firebase project alumni-management-42856. Please make sure the project exists and your account has permission to access it.
[debug] [2023-04-18T08:40:09.046Z] ----------------------------------------------------------------------
[debug] [2023-04-18T08:40:09.048Z] Command:       C:\Program Files\nodejs\node.exe C:\Users\User\AppData\Roaming\npm\node_modules\firebase-tools\lib\bin\firebase.js deploy
[debug] [2023-04-18T08:40:09.048Z] CLI Version:   11.27.0
[debug] [2023-04-18T08:40:09.048Z] Platform:      win32
[debug] [2023-04-18T08:40:09.048Z] Node Version:  v18.16.0
[debug] [2023-04-18T08:40:09.049Z] Time:          Tue Apr 18 2023 14:40:09 GMT+0600 (Bangladesh Standard Time)
[debug] [2023-04-18T08:40:09.049Z] ----------------------------------------------------------------------
[debug] 
[debug] [2023-04-18T08:40:09.107Z] > command requires scopes: ["email","openid","https://www.googleapis.com/auth/cloudplatformprojects.readonly","https://www.googleapis.com/auth/firebase","https://www.googleapis.com/auth/cloud-platform"]
[debug] [2023-04-18T08:40:09.107Z] > authorizing via signed-in user (himelhasandev@gmail.com)
[debug] [2023-04-18T08:40:09.107Z] [iam] checking project alumni-management-42856 for permissions ["firebase.projects.get","firebasehosting.sites.update"]
[debug] [2023-04-18T08:40:09.109Z] > refreshing access token with scopes: []
[debug] [2023-04-18T08:40:09.110Z] >>> [apiv2][query] POST https://www.googleapis.com/oauth2/v3/token [none]
[debug] [2023-04-18T08:40:09.110Z] >>> [apiv2][body] POST https://www.googleapis.com/oauth2/v3/token [omitted]
[debug] [2023-04-18T08:40:09.409Z] <<< [apiv2][status] POST https://www.googleapis.com/oauth2/v3/token 200
[debug] [2023-04-18T08:40:09.409Z] <<< [apiv2][body] POST https://www.googleapis.com/oauth2/v3/token [omitted]
[debug] [2023-04-18T08:40:09.417Z] >>> [apiv2][query] POST https://cloudresourcemanager.googleapis.com/v1/projects/alumni-management-42856:testIamPermissions [none]
[debug] [2023-04-18T08:40:09.417Z] >>> [apiv2][(partial)header] POST https://cloudresourcemanager.googleapis.com/v1/projects/alumni-management-42856:testIamPermissions x-goog-quota-user=projects/alumni-management-42856
[debug] [2023-04-18T08:40:09.418Z] >>> [apiv2][body] POST https://cloudresourcemanager.googleapis.com/v1/projects/alumni-management-42856:testIamPermissions {"permissions":["firebase.projects.get","firebasehosting.sites.update"]}
[debug] [2023-04-18T08:40:10.666Z] <<< [apiv2][status] POST https://cloudresourcemanager.googleapis.com/v1/projects/alumni-management-42856:testIamPermissions 200
[debug] [2023-04-18T08:40:10.666Z] <<< [apiv2][body] POST https://cloudresourcemanager.googleapis.com/v1/projects/alumni-management-42856:testIamPermissions {}
[debug] [2023-04-18T08:40:10.666Z] [iam] error while checking permissions, command may fail: FirebaseError: Authorization failed. This account is missing the following required permissions on project alumni-management-42856:

  firebase.projects.get
  firebasehosting.sites.update
[debug] [2023-04-18T08:40:10.667Z] >>> [apiv2][query] GET https://firebase.googleapis.com/v1beta1/projects/alumni-management-42856 [none]
[debug] [2023-04-18T08:40:11.881Z] <<< [apiv2][status] GET https://firebase.googleapis.com/v1beta1/projects/alumni-management-42856 403
[debug] [2023-04-18T08:40:11.881Z] <<< [apiv2][body] GET https://firebase.googleapis.com/v1beta1/projects/alumni-management-42856 {"error":{"code":403,"message":"The caller does not have permission","status":"PERMISSION_DENIED"}}
[debug] [2023-04-18T08:40:11.882Z] HTTP Error: 403, The caller does not have permission
[debug] [2023-04-18T08:40:12.116Z] FirebaseError: HTTP Error: 403, The caller does not have permission
    at responseToError (C:\Users\User\AppData\Roaming\npm\node_modules\firebase-tools\lib\responseToError.js:49:12)
    at RetryOperation._fn (C:\Users\User\AppData\Roaming\npm\node_modules\firebase-tools\lib\apiv2.js:288:77)
    at process.processTicksAndRejections (node:internal/process/task_queues:95:5)
[error] 
[error] Error: Failed to get Firebase project alumni-management-42856. Please make sure the project exists and your account has permission to access it.
